<?xml version="1.0" encoding="UTF-8"?>
<testng-results ignored="0" total="1" passed="1" failed="0" skipped="0">
  <reporter-output>
  </reporter-output>
  <suite started-at="2022-12-12T14:23:57 IST" name="Suite" finished-at="2022-12-12T14:23:57 IST" duration-ms="37">
    <groups>
    </groups>
    <test started-at="2022-12-12T14:23:57 IST" name="Test" finished-at="2022-12-12T14:23:57 IST" duration-ms="37">
      <class name="com.nikhil.maven1.MavenDemo1">
        <test-method signature="m1()[pri:0, instance:com.nikhil.maven1.MavenDemo1@76f2bbc1]" started-at="2022-12-12T14:23:57 IST" name="m1" finished-at="2022-12-12T14:23:57 IST" duration-ms="4" status="PASS">
          <reporter-output>
          </reporter-output>
        </test-method> <!-- m1 -->
      </class> <!-- com.nikhil.maven1.MavenDemo1 -->
    </test> <!-- Test -->
  </suite> <!-- Suite -->
</testng-results>
