<?xml version="1.0" encoding="UTF-8"?>
<testng-results ignored="0" total="1" passed="1" failed="0" skipped="0">
  <reporter-output>
  </reporter-output>
  <suite started-at="2022-12-12T14:22:51 IST" name="Suite" finished-at="2022-12-12T14:22:51 IST" duration-ms="69">
    <groups>
    </groups>
    <test started-at="2022-12-12T14:22:51 IST" name="Test" finished-at="2022-12-12T14:22:51 IST" duration-ms="69">
      <class name="com.nikhil.maven1.MavenDemo1">
        <test-method signature="m1()[pri:0, instance:com.nikhil.maven1.MavenDemo1@2ea41516]" started-at="2022-12-12T14:22:51 IST" name="m1" finished-at="2022-12-12T14:22:51 IST" duration-ms="12" status="PASS">
          <reporter-output>
          </reporter-output>
        </test-method> <!-- m1 -->
      </class> <!-- com.nikhil.maven1.MavenDemo1 -->
    </test> <!-- Test -->
  </suite> <!-- Suite -->
</testng-results>
